CRITICAL - 2023-04-08 07:24:09 --> Attempt to read property "password" on array
in APPPATH\Controllers\Home.php on line 45.
 1 APPPATH\Controllers\Home.php(45): CodeIgniter\Debug\Exceptions->errorHandler(2, 'Attempt to read property "password" on array', 'APPPATH\\Controllers\\Home.php', 45)
 2 SYSTEMPATH\CodeIgniter.php(925): App\Controllers\Home->log()
 3 SYSTEMPATH\CodeIgniter.php(480): CodeIgniter\CodeIgniter->runController(Object(App\Controllers\Home))
 4 SYSTEMPATH\CodeIgniter.php(349): CodeIgniter\CodeIgniter->handleRequest(null, Object(Config\Cache), false)
 5 FCPATH\index.php(67): CodeIgniter\CodeIgniter->run()
CRITICAL - 2023-04-08 07:30:54 --> Attempt to read property "password" on array
in APPPATH\Controllers\Home.php on line 45.
 1 APPPATH\Controllers\Home.php(45): CodeIgniter\Debug\Exceptions->errorHandler(2, 'Attempt to read property "password" on array', 'APPPATH\\Controllers\\Home.php', 45)
 2 SYSTEMPATH\CodeIgniter.php(925): App\Controllers\Home->log()
 3 SYSTEMPATH\CodeIgniter.php(480): CodeIgniter\CodeIgniter->runController(Object(App\Controllers\Home))
 4 SYSTEMPATH\CodeIgniter.php(349): CodeIgniter\CodeIgniter->handleRequest(null, Object(Config\Cache), false)
 5 FCPATH\index.php(67): CodeIgniter\CodeIgniter->run()
ERROR - 2023-04-08 07:33:58 --> mysqli_sql_exception: Column 'password' cannot be null in C:\xampp\htdocs\UKK_PASIFIK\system\Database\MySQLi\Connection.php:292
Stack trace:
#0 C:\xampp\htdocs\UKK_PASIFIK\system\Database\MySQLi\Connection.php(292): mysqli->query('INSERT INTO `ma...', 0)
#1 C:\xampp\htdocs\UKK_PASIFIK\system\Database\BaseConnection.php(666): CodeIgniter\Database\MySQLi\Connection->execute('INSERT INTO `ma...')
#2 C:\xampp\htdocs\UKK_PASIFIK\system\Database\BaseConnection.php(593): CodeIgniter\Database\BaseConnection->simpleQuery('INSERT INTO `ma...')
#3 C:\xampp\htdocs\UKK_PASIFIK\system\Database\BaseBuilder.php(1916): CodeIgniter\Database\BaseConnection->query('INSERT INTO `ma...', Array, false)
#4 C:\xampp\htdocs\UKK_PASIFIK\system\Model.php(303): CodeIgniter\Database\BaseBuilder->insert()
#5 C:\xampp\htdocs\UKK_PASIFIK\system\BaseModel.php(750): CodeIgniter\Model->doInsert(Array)
#6 C:\xampp\htdocs\UKK_PASIFIK\system\Model.php(699): CodeIgniter\BaseModel->insert(Array, true)
#7 C:\xampp\htdocs\UKK_PASIFIK\app\Controllers\Home.php(32): CodeIgniter\Model->insert(Array)
#8 C:\xampp\htdocs\UKK_PASIFIK\system\CodeIgniter.php(925): App\Controllers\Home->reg()
#9 C:\xampp\htdocs\UKK_PASIFIK\system\CodeIgniter.php(480): CodeIgniter\CodeIgniter->runController(Object(App\Controllers\Home))
#10 C:\xampp\htdocs\UKK_PASIFIK\system\CodeIgniter.php(349): CodeIgniter\CodeIgniter->handleRequest(NULL, Object(Config\Cache), false)
#11 C:\xampp\htdocs\UKK_PASIFIK\public\index.php(67): CodeIgniter\CodeIgniter->run()
#12 {main}
CRITICAL - 2023-04-08 07:33:58 --> Column 'password' cannot be null
in SYSTEMPATH\Database\MySQLi\Connection.php on line 292.
 1 SYSTEMPATH\Database\MySQLi\Connection.php(292): mysqli->query('INSERT INTO `masyarakat` (`nik`, `nama`, `username`, `password`, `telp`) VALUES (\'3602041211870001\', \'pasifik\', \'pasifik1\', NULL, \'0819-0987-1234\')', 0)
 2 SYSTEMPATH\Database\BaseConnection.php(666): CodeIgniter\Database\MySQLi\Connection->execute('INSERT INTO `masyarakat` (`nik`, `nama`, `username`, `password`, `telp`) VALUES (\'3602041211870001\', \'pasifik\', \'pasifik1\', NULL, \'0819-0987-1234\')')
 3 SYSTEMPATH\Database\BaseConnection.php(593): CodeIgniter\Database\BaseConnection->simpleQuery('INSERT INTO `masyarakat` (`nik`, `nama`, `username`, `password`, `telp`) VALUES (\'3602041211870001\', \'pasifik\', \'pasifik1\', NULL, \'0819-0987-1234\')')
 4 SYSTEMPATH\Database\BaseBuilder.php(1916): CodeIgniter\Database\BaseConnection->query('INSERT INTO `masyarakat` (`nik`, `nama`, `username`, `password`, `telp`) VALUES (:nik:, :nama:, :username:, :password:, :telp:)', [...], false)
 5 SYSTEMPATH\Model.php(303): CodeIgniter\Database\BaseBuilder->insert()
 6 SYSTEMPATH\BaseModel.php(750): CodeIgniter\Model->doInsert([...])
 7 SYSTEMPATH\Model.php(699): CodeIgniter\BaseModel->insert([...], true)
 8 APPPATH\Controllers\Home.php(32): CodeIgniter\Model->insert([...])
 9 SYSTEMPATH\CodeIgniter.php(925): App\Controllers\Home->reg()
10 SYSTEMPATH\CodeIgniter.php(480): CodeIgniter\CodeIgniter->runController(Object(App\Controllers\Home))
11 SYSTEMPATH\CodeIgniter.php(349): CodeIgniter\CodeIgniter->handleRequest(null, Object(Config\Cache), false)
12 FCPATH\index.php(67): CodeIgniter\CodeIgniter->run()
CRITICAL - 2023-04-08 07:39:11 --> Unclosed '{' on line 46 does not match ')'
in APPPATH\Controllers\Home.php on line 48.
 1 SYSTEMPATH\Autoloader\Autoloader.php(260): CodeIgniter\Autoloader\Autoloader->includeFile('APPPATH\\Controllers\\Home.php')
 2 SYSTEMPATH\Autoloader\Autoloader.php(238): CodeIgniter\Autoloader\Autoloader->loadInNamespace('App\\Controllers\\Home')
 3 [internal function]: CodeIgniter\Autoloader\Autoloader->loadClass('App\\Controllers\\Home')
 4 SYSTEMPATH\CodeIgniter.php(875): class_exists('\\App\\Controllers\\Home', true)
 5 SYSTEMPATH\CodeIgniter.php(467): CodeIgniter\CodeIgniter->startController()
 6 SYSTEMPATH\CodeIgniter.php(349): CodeIgniter\CodeIgniter->handleRequest(null, Object(Config\Cache), false)
 7 FCPATH\index.php(67): CodeIgniter\CodeIgniter->run()
CRITICAL - 2023-04-08 07:39:44 --> Attempt to read property "password" on array
in APPPATH\Controllers\Home.php on line 48.
 1 APPPATH\Controllers\Home.php(48): CodeIgniter\Debug\Exceptions->errorHandler(2, 'Attempt to read property "password" on array', 'APPPATH\\Controllers\\Home.php', 48)
 2 SYSTEMPATH\CodeIgniter.php(925): App\Controllers\Home->log()
 3 SYSTEMPATH\CodeIgniter.php(480): CodeIgniter\CodeIgniter->runController(Object(App\Controllers\Home))
 4 SYSTEMPATH\CodeIgniter.php(349): CodeIgniter\CodeIgniter->handleRequest(null, Object(Config\Cache), false)
 5 FCPATH\index.php(67): CodeIgniter\CodeIgniter->run()
CRITICAL - 2023-04-08 07:43:37 --> Attempt to read property "username" on array
in APPPATH\Controllers\Home.php on line 50.
 1 APPPATH\Controllers\Home.php(50): CodeIgniter\Debug\Exceptions->errorHandler(2, 'Attempt to read property "username" on array', 'APPPATH\\Controllers\\Home.php', 50)
 2 SYSTEMPATH\CodeIgniter.php(925): App\Controllers\Home->log()
 3 SYSTEMPATH\CodeIgniter.php(480): CodeIgniter\CodeIgniter->runController(Object(App\Controllers\Home))
 4 SYSTEMPATH\CodeIgniter.php(349): CodeIgniter\CodeIgniter->handleRequest(null, Object(Config\Cache), false)
 5 FCPATH\index.php(67): CodeIgniter\CodeIgniter->run()
CRITICAL - 2023-04-08 07:44:23 --> Undefined array key "name"
in APPPATH\Controllers\Home.php on line 51.
 1 APPPATH\Controllers\Home.php(51): CodeIgniter\Debug\Exceptions->errorHandler(2, 'Undefined array key "name"', 'APPPATH\\Controllers\\Home.php', 51)
 2 SYSTEMPATH\CodeIgniter.php(925): App\Controllers\Home->log()
 3 SYSTEMPATH\CodeIgniter.php(480): CodeIgniter\CodeIgniter->runController(Object(App\Controllers\Home))
 4 SYSTEMPATH\CodeIgniter.php(349): CodeIgniter\CodeIgniter->handleRequest(null, Object(Config\Cache), false)
 5 FCPATH\index.php(67): CodeIgniter\CodeIgniter->run()
CRITICAL - 2023-04-08 07:47:34 --> syntax error, unexpected token "}", expecting ";"
in APPPATH\Controllers\Home.php on line 24.
 1 SYSTEMPATH\Autoloader\Autoloader.php(260): CodeIgniter\Autoloader\Autoloader->includeFile('APPPATH\\Controllers\\Home.php')
 2 SYSTEMPATH\Autoloader\Autoloader.php(238): CodeIgniter\Autoloader\Autoloader->loadInNamespace('App\\Controllers\\Home')
 3 [internal function]: CodeIgniter\Autoloader\Autoloader->loadClass('App\\Controllers\\Home')
 4 SYSTEMPATH\CodeIgniter.php(875): class_exists('\\App\\Controllers\\Home', true)
 5 SYSTEMPATH\CodeIgniter.php(467): CodeIgniter\CodeIgniter->startController()
 6 SYSTEMPATH\CodeIgniter.php(349): CodeIgniter\CodeIgniter->handleRequest(null, Object(Config\Cache), false)
 7 FCPATH\index.php(67): CodeIgniter\CodeIgniter->run()
CRITICAL - 2023-04-08 07:47:35 --> syntax error, unexpected token "}", expecting ";"
in APPPATH\Controllers\Home.php on line 24.
 1 SYSTEMPATH\Autoloader\Autoloader.php(260): CodeIgniter\Autoloader\Autoloader->includeFile('APPPATH\\Controllers\\Home.php')
 2 SYSTEMPATH\Autoloader\Autoloader.php(238): CodeIgniter\Autoloader\Autoloader->loadInNamespace('App\\Controllers\\Home')
 3 [internal function]: CodeIgniter\Autoloader\Autoloader->loadClass('App\\Controllers\\Home')
 4 SYSTEMPATH\CodeIgniter.php(875): class_exists('\\App\\Controllers\\Home', true)
 5 SYSTEMPATH\CodeIgniter.php(467): CodeIgniter\CodeIgniter->startController()
 6 SYSTEMPATH\CodeIgniter.php(349): CodeIgniter\CodeIgniter->handleRequest(null, Object(Config\Cache), false)
 7 FCPATH\index.php(67): CodeIgniter\CodeIgniter->run()
CRITICAL - 2023-04-08 07:47:40 --> syntax error, unexpected token "}", expecting ";"
in APPPATH\Controllers\Home.php on line 24.
 1 SYSTEMPATH\Autoloader\Autoloader.php(260): CodeIgniter\Autoloader\Autoloader->includeFile('APPPATH\\Controllers\\Home.php')
 2 SYSTEMPATH\Autoloader\Autoloader.php(238): CodeIgniter\Autoloader\Autoloader->loadInNamespace('App\\Controllers\\Home')
 3 [internal function]: CodeIgniter\Autoloader\Autoloader->loadClass('App\\Controllers\\Home')
 4 SYSTEMPATH\CodeIgniter.php(875): class_exists('\\App\\Controllers\\Home', true)
 5 SYSTEMPATH\CodeIgniter.php(467): CodeIgniter\CodeIgniter->startController()
 6 SYSTEMPATH\CodeIgniter.php(349): CodeIgniter\CodeIgniter->handleRequest(null, Object(Config\Cache), false)
 7 FCPATH\index.php(67): CodeIgniter\CodeIgniter->run()
CRITICAL - 2023-04-08 08:07:26 --> Call to undefined function App\Controllers\dashboard()
in APPPATH\Controllers\Home.php on line 16.
 1 SYSTEMPATH\CodeIgniter.php(925): App\Controllers\Home->masuk()
 2 SYSTEMPATH\CodeIgniter.php(480): CodeIgniter\CodeIgniter->runController(Object(App\Controllers\Home))
 3 SYSTEMPATH\CodeIgniter.php(349): CodeIgniter\CodeIgniter->handleRequest(null, Object(Config\Cache), false)
 4 FCPATH\index.php(67): CodeIgniter\CodeIgniter->run()
CRITICAL - 2023-04-08 08:10:19 --> Undefined property: App\Controllers\Home::$dashboard
in APPPATH\Controllers\Home.php on line 16.
 1 APPPATH\Controllers\Home.php(16): CodeIgniter\Debug\Exceptions->errorHandler(2, 'Undefined property: App\\Controllers\\Home::$dashboard', 'APPPATH\\Controllers\\Home.php', 16)
 2 SYSTEMPATH\CodeIgniter.php(925): App\Controllers\Home->masuk()
 3 SYSTEMPATH\CodeIgniter.php(480): CodeIgniter\CodeIgniter->runController(Object(App\Controllers\Home))
 4 SYSTEMPATH\CodeIgniter.php(349): CodeIgniter\CodeIgniter->handleRequest(null, Object(Config\Cache), false)
 5 FCPATH\index.php(67): CodeIgniter\CodeIgniter->run()
CRITICAL - 2023-04-08 08:11:42 --> Undefined property: App\Controllers\Home::$load
in APPPATH\Controllers\Home.php on line 16.
 1 APPPATH\Controllers\Home.php(16): CodeIgniter\Debug\Exceptions->errorHandler(2, 'Undefined property: App\\Controllers\\Home::$load', 'APPPATH\\Controllers\\Home.php', 16)
 2 SYSTEMPATH\CodeIgniter.php(925): App\Controllers\Home->masuk()
 3 SYSTEMPATH\CodeIgniter.php(480): CodeIgniter\CodeIgniter->runController(Object(App\Controllers\Home))
 4 SYSTEMPATH\CodeIgniter.php(349): CodeIgniter\CodeIgniter->handleRequest(null, Object(Config\Cache), false)
 5 FCPATH\index.php(67): CodeIgniter\CodeIgniter->run()
