CRITICAL - 2023-02-13 00:00:39 --> Cannot declare class App\Controllers\masyarakat because the name is already in use
in APPPATH\Controllers\masyarakat.php on line 7.
 1 [internal function]: CodeIgniter\Debug\Exceptions->shutdownHandler()
CRITICAL - 2023-02-13 00:12:57 --> Cannot declare class App\Controllers\masyarakat because the name is already in use
in APPPATH\Controllers\masyarakat.php on line 7.
 1 [internal function]: CodeIgniter\Debug\Exceptions->shutdownHandler()
CRITICAL - 2023-02-13 00:14:47 --> Class "App\Models\masyarakat" not found
in APPPATH\Controllers\rakyat.php on line 13.
 1 SYSTEMPATH\CodeIgniter.php(887): App\Controllers\rakyat->__construct()
 2 SYSTEMPATH\CodeIgniter.php(471): CodeIgniter\CodeIgniter->createController()
 3 SYSTEMPATH\CodeIgniter.php(349): CodeIgniter\CodeIgniter->handleRequest(null, Object(Config\Cache), false)
 4 FCPATH\index.php(67): CodeIgniter\CodeIgniter->run()
CRITICAL - 2023-02-13 00:15:14 --> Allowed memory size of 536870912 bytes exhausted (tried to allocate 4096 bytes)
in APPPATH\Controllers\rakyat.php on line 13.
 1 [internal function]: CodeIgniter\Debug\Exceptions->shutdownHandler()
CRITICAL - 2023-02-13 00:17:33 --> Allowed memory size of 1098907648 bytes exhausted (tried to allocate 4096 bytes)
in APPPATH\Controllers\rakyat.php on line 13.
 1 [internal function]: CodeIgniter\Debug\Exceptions->shutdownHandler()
CRITICAL - 2023-02-13 18:32:39 --> Allowed memory size of 536870912 bytes exhausted (tried to allocate 4096 bytes)
in APPPATH\Controllers\rakyat.php on line 13.
 1 [internal function]: CodeIgniter\Debug\Exceptions->shutdownHandler()
CRITICAL - 2023-02-13 18:34:04 --> Allowed memory size of 536870912 bytes exhausted (tried to allocate 4096 bytes)
in APPPATH\Controllers\Home.php on line 26.
 1 [internal function]: CodeIgniter\Debug\Exceptions->shutdownHandler()
CRITICAL - 2023-02-13 18:34:07 --> Allowed memory size of 536870912 bytes exhausted (tried to allocate 4096 bytes)
in APPPATH\Controllers\Home.php on line 26.
 1 [internal function]: CodeIgniter\Debug\Exceptions->shutdownHandler()
CRITICAL - 2023-02-13 18:34:29 --> Class "App\Models\masyarakat" not found
in APPPATH\Controllers\Home.php on line 26.
 1 SYSTEMPATH\CodeIgniter.php(887): App\Controllers\Home->__construct()
 2 SYSTEMPATH\CodeIgniter.php(471): CodeIgniter\CodeIgniter->createController()
 3 SYSTEMPATH\CodeIgniter.php(349): CodeIgniter\CodeIgniter->handleRequest(null, Object(Config\Cache), false)
 4 FCPATH\index.php(67): CodeIgniter\CodeIgniter->run()
CRITICAL - 2023-02-13 18:34:30 --> Class "App\Models\masyarakat" not found
in APPPATH\Controllers\Home.php on line 26.
 1 SYSTEMPATH\CodeIgniter.php(887): App\Controllers\Home->__construct()
 2 SYSTEMPATH\CodeIgniter.php(471): CodeIgniter\CodeIgniter->createController()
 3 SYSTEMPATH\CodeIgniter.php(349): CodeIgniter\CodeIgniter->handleRequest(null, Object(Config\Cache), false)
 4 FCPATH\index.php(67): CodeIgniter\CodeIgniter->run()
CRITICAL - 2023-02-13 18:34:31 --> Class "App\Models\masyarakat" not found
in APPPATH\Controllers\Home.php on line 26.
 1 SYSTEMPATH\CodeIgniter.php(887): App\Controllers\Home->__construct()
 2 SYSTEMPATH\CodeIgniter.php(471): CodeIgniter\CodeIgniter->createController()
 3 SYSTEMPATH\CodeIgniter.php(349): CodeIgniter\CodeIgniter->handleRequest(null, Object(Config\Cache), false)
 4 FCPATH\index.php(67): CodeIgniter\CodeIgniter->run()
CRITICAL - 2023-02-13 18:34:31 --> Class "App\Models\masyarakat" not found
in APPPATH\Controllers\Home.php on line 26.
 1 SYSTEMPATH\CodeIgniter.php(887): App\Controllers\Home->__construct()
 2 SYSTEMPATH\CodeIgniter.php(471): CodeIgniter\CodeIgniter->createController()
 3 SYSTEMPATH\CodeIgniter.php(349): CodeIgniter\CodeIgniter->handleRequest(null, Object(Config\Cache), false)
 4 FCPATH\index.php(67): CodeIgniter\CodeIgniter->run()
CRITICAL - 2023-02-13 18:43:55 --> Allowed memory size of 536870912 bytes exhausted (tried to allocate 4096 bytes)
in APPPATH\Controllers\Rakyat.php on line 11.
 1 [internal function]: CodeIgniter\Debug\Exceptions->shutdownHandler()
CRITICAL - 2023-02-13 19:03:08 --> syntax error, unexpected token "<", expecting end of file
in APPPATH\Models\masyarakat.php on line 14.
 1 SYSTEMPATH\Autoloader\Autoloader.php(260): CodeIgniter\Autoloader\Autoloader->includeFile('APPPATH\\Models\\masyarakat.php')
 2 SYSTEMPATH\Autoloader\Autoloader.php(238): CodeIgniter\Autoloader\Autoloader->loadInNamespace('App\\Models\\masyarakat')
 3 APPPATH\Controllers\Rakyat.php(11): CodeIgniter\Autoloader\Autoloader->loadClass('App\\Models\\masyarakat')
 4 SYSTEMPATH\CodeIgniter.php(887): App\Controllers\Rakyat->__construct()
 5 SYSTEMPATH\CodeIgniter.php(471): CodeIgniter\CodeIgniter->createController()
 6 SYSTEMPATH\CodeIgniter.php(349): CodeIgniter\CodeIgniter->handleRequest(null, Object(Config\Cache), false)
 7 FCPATH\index.php(67): CodeIgniter\CodeIgniter->run()
CRITICAL - 2023-02-13 19:03:32 --> Class "App\Models\masyarakat" not found
in APPPATH\Controllers\Rakyat.php on line 11.
 1 SYSTEMPATH\CodeIgniter.php(887): App\Controllers\Rakyat->__construct()
 2 SYSTEMPATH\CodeIgniter.php(471): CodeIgniter\CodeIgniter->createController()
 3 SYSTEMPATH\CodeIgniter.php(349): CodeIgniter\CodeIgniter->handleRequest(null, Object(Config\Cache), false)
 4 FCPATH\index.php(67): CodeIgniter\CodeIgniter->run()
ERROR - 2023-02-13 19:23:00 --> mysqli_sql_exception: Duplicate entry '1050245708900003' for key 'PRIMARY' in C:\xampp\htdocs\UKK_PASIFIK\system\Database\MySQLi\Connection.php:292
Stack trace:
#0 C:\xampp\htdocs\UKK_PASIFIK\system\Database\MySQLi\Connection.php(292): mysqli->query('INSERT INTO `ma...', 0)
#1 C:\xampp\htdocs\UKK_PASIFIK\system\Database\BaseConnection.php(666): CodeIgniter\Database\MySQLi\Connection->execute('INSERT INTO `ma...')
#2 C:\xampp\htdocs\UKK_PASIFIK\system\Database\BaseConnection.php(593): CodeIgniter\Database\BaseConnection->simpleQuery('INSERT INTO `ma...')
#3 C:\xampp\htdocs\UKK_PASIFIK\system\Database\BaseBuilder.php(1916): CodeIgniter\Database\BaseConnection->query('INSERT INTO `ma...', Array, false)
#4 C:\xampp\htdocs\UKK_PASIFIK\app\Models\masyarakat.php(17): CodeIgniter\Database\BaseBuilder->insert(Array)
#5 C:\xampp\htdocs\UKK_PASIFIK\app\Controllers\Rakyat.php(30): App\Models\masyarakat->add(Array)
#6 C:\xampp\htdocs\UKK_PASIFIK\system\CodeIgniter.php(925): App\Controllers\Rakyat->save()
#7 C:\xampp\htdocs\UKK_PASIFIK\system\CodeIgniter.php(480): CodeIgniter\CodeIgniter->runController(Object(App\Controllers\Rakyat))
#8 C:\xampp\htdocs\UKK_PASIFIK\system\CodeIgniter.php(349): CodeIgniter\CodeIgniter->handleRequest(NULL, Object(Config\Cache), false)
#9 C:\xampp\htdocs\UKK_PASIFIK\public\index.php(67): CodeIgniter\CodeIgniter->run()
#10 {main}
CRITICAL - 2023-02-13 19:23:00 --> Duplicate entry '1050245708900003' for key 'PRIMARY'
in SYSTEMPATH\Database\MySQLi\Connection.php on line 292.
 1 SYSTEMPATH\Database\MySQLi\Connection.php(292): mysqli->query('INSERT INTO `masyarakat` (`nik`, `nama`, `username`, `password`, `telp`) VALUES (\'1050245708900003\', \'pasifik3\', \'pasifik3\', \'$2y$10$OLzeYdD.U4MehD1uQbY8muH9gczemh1fjqR4RpvgydF1UEjuXJptS\', \'0812-3421-1233\')', 0)
 2 SYSTEMPATH\Database\BaseConnection.php(666): CodeIgniter\Database\MySQLi\Connection->execute('INSERT INTO `masyarakat` (`nik`, `nama`, `username`, `password`, `telp`) VALUES (\'1050245708900003\', \'pasifik3\', \'pasifik3\', \'$2y$10$OLzeYdD.U4MehD1uQbY8muH9gczemh1fjqR4RpvgydF1UEjuXJptS\', \'0812-3421-1233\')')
 3 SYSTEMPATH\Database\BaseConnection.php(593): CodeIgniter\Database\BaseConnection->simpleQuery('INSERT INTO `masyarakat` (`nik`, `nama`, `username`, `password`, `telp`) VALUES (\'1050245708900003\', \'pasifik3\', \'pasifik3\', \'$2y$10$OLzeYdD.U4MehD1uQbY8muH9gczemh1fjqR4RpvgydF1UEjuXJptS\', \'0812-3421-1233\')')
 4 SYSTEMPATH\Database\BaseBuilder.php(1916): CodeIgniter\Database\BaseConnection->query('INSERT INTO `masyarakat` (`nik`, `nama`, `username`, `password`, `telp`) VALUES (:nik:, :nama:, :username:, :password:, :telp:)', [...], false)
 5 APPPATH\Models\masyarakat.php(17): CodeIgniter\Database\BaseBuilder->insert([...])
 6 APPPATH\Controllers\Rakyat.php(30): App\Models\masyarakat->add([...])
 7 SYSTEMPATH\CodeIgniter.php(925): App\Controllers\Rakyat->save()
 8 SYSTEMPATH\CodeIgniter.php(480): CodeIgniter\CodeIgniter->runController(Object(App\Controllers\Rakyat))
 9 SYSTEMPATH\CodeIgniter.php(349): CodeIgniter\CodeIgniter->handleRequest(null, Object(Config\Cache), false)
10 FCPATH\index.php(67): CodeIgniter\CodeIgniter->run()
